<?xml version="1.0" encoding="UTF-8"?>
<!-- Generated by org.testng.reporters.JUnitReportReporter -->
<testsuite skipped="1" hostname="CPN-IT-ANIKUMAR" name="com.lp.qa.Exceltestcases.LoadPayTest" tests="1" failures="0" timestamp="21 Feb 2018 03:32:00 GMT" time="0.000" errors="0">
  <testcase name="halfEbayRegPageTest" time="0.000" classname="com.lp.qa.Exceltestcases.LoadPayTest">
    <skipped/>
  </testcase> <!-- halfEbayRegPageTest -->
</testsuite> <!-- com.lp.qa.Exceltestcases.LoadPayTest -->
