<?xml version="1.0" encoding="UTF-8"?>
<!-- Generated by org.testng.reporters.JUnitReportReporter -->
<testsuite skipped="0" hostname="CPN-IT-ANIKUMAR" name="TESTCASES.LoginTest" tests="1" failures="0" timestamp="06 Mar 2018 07:27:33 GMT" time="27.277" errors="0">
  <testcase name="loginTest" time="27.277" classname="TESTCASES.LoginTest"/>
</testsuite> <!-- TESTCASES.LoginTest -->
