<?xml version="1.0" encoding="UTF-8"?>
<!-- Generated by org.testng.reporters.JUnitReportReporter -->
<testsuite skipped="0" hostname="CPN-IT-ANIKUMAR" name="TESTCASES.LoginTest" tests="1" failures="0" timestamp="05 Mar 2018 12:40:07 GMT" time="30.963" errors="0">
  <testcase name="loginTest" time="30.963" classname="TESTCASES.LoginTest"/>
</testsuite> <!-- TESTCASES.LoginTest -->
