<?xml version="1.0" encoding="UTF-8"?>
<!-- Generated by org.testng.reporters.JUnitReportReporter -->
<testsuite skipped="0" hostname="CPN-IT-ANIKUMAR" name="TS.RA.QA.TESTCASES.LoginTest" tests="1" failures="0" timestamp="05 Mar 2018 05:28:13 GMT" time="19.487" errors="0">
  <testcase name="loginTest" time="19.487" classname="TS.RA.QA.TESTCASES.LoginTest"/>
</testsuite> <!-- TS.RA.QA.TESTCASES.LoginTest -->
