<?xml version="1.0" encoding="UTF-8"?>
<!-- Generated by org.testng.reporters.JUnitReportReporter -->
<testsuite skipped="0" hostname="CPN-IT-ANIKUMAR" name="com.loadpay.qaapp.testcases.CarrierLoginTest" tests="1" failures="0" timestamp="20 Feb 2018 08:45:46 GMT" time="13.278" errors="0">
  <testcase name="loginTest" time="13.278" classname="com.loadpay.qaapp.testcases.CarrierLoginTest"/>
</testsuite> <!-- com.loadpay.qaapp.testcases.CarrierLoginTest -->
