<?xml version="1.0" encoding="UTF-8"?>
<!-- Generated by org.testng.reporters.JUnitReportReporter -->
<testsuite skipped="0" hostname="CPN-IT-ANIKUMAR" name="com.lp.qa.testcases.CarrierLoginTest" tests="1" failures="0" timestamp="21 Feb 2018 09:10:56 GMT" time="12.591" errors="0">
  <testcase name="loginTest" time="12.591" classname="com.lp.qa.testcases.CarrierLoginTest"/>
</testsuite> <!-- com.lp.qa.testcases.CarrierLoginTest -->
