<?xml version="1.0" encoding="UTF-8"?>
<!-- Generated by org.testng.reporters.JUnitReportReporter -->
<testsuite skipped="0" hostname="CPN-IT-ANIKUMAR" name="com.ra.qa.testcases.LoginTest" tests="1" failures="0" timestamp="01 Mar 2018 08:34:18 GMT" time="21.633" errors="0">
  <testcase name="loginTest" time="21.633" classname="com.ra.qa.testcases.LoginTest"/>
</testsuite> <!-- com.ra.qa.testcases.LoginTest -->
