<?xml version="1.0" encoding="UTF-8"?>
<!-- Generated by org.testng.reporters.JUnitReportReporter -->
<testsuite skipped="0" hostname="CPN-IT-ANIKUMAR" name="com.ra.qa.testcases.LoginTest" tests="1" failures="0" timestamp="02 Mar 2018 03:27:19 GMT" time="19.921" errors="0">
  <testcase name="loginTest" time="19.921" classname="com.ra.qa.testcases.LoginTest"/>
</testsuite> <!-- com.ra.qa.testcases.LoginTest -->
