<?xml version="1.0" encoding="UTF-8"?>
<!-- Generated by org.testng.reporters.JUnitReportReporter -->
<testsuite skipped="0" hostname="CPN-IT-ANIKUMAR" name="TS.RA.QA.TESTCASES.LoginTest" tests="1" failures="0" timestamp="05 Mar 2018 05:27:40 GMT" time="21.589" errors="0">
  <testcase name="loginTest" time="21.589" classname="TS.RA.QA.TESTCASES.LoginTest"/>
</testsuite> <!-- TS.RA.QA.TESTCASES.LoginTest -->
