<?xml version="1.0" encoding="UTF-8"?>
<!-- Generated by org.testng.reporters.JUnitReportReporter -->
<testsuite skipped="0" hostname="CPN-IT-ANIKUMAR" name="TESTCASES.LoginTest" tests="1" failures="0" timestamp="12 Mar 2018 05:39:09 GMT" time="22.818" errors="0">
  <testcase name="loginTest" time="22.818" classname="TESTCASES.LoginTest"/>
</testsuite> <!-- TESTCASES.LoginTest -->
