<?xml version="1.0" encoding="UTF-8"?>
<!-- Generated by org.testng.reporters.JUnitReportReporter -->
<testsuite skipped="0" hostname="CPN-IT-ANIKUMAR" name="TESTCASES.CarrierLoginTest" tests="1" failures="0" timestamp="05 Mar 2018 13:42:21 GMT" time="18.272" errors="0">
  <testcase name="loginTest" time="18.272" classname="TESTCASES.CarrierLoginTest"/>
</testsuite> <!-- TESTCASES.CarrierLoginTest -->
