<?xml version="1.0" encoding="UTF-8"?>
<!-- Generated by org.testng.reporters.JUnitReportReporter -->
<testsuite skipped="0" hostname="CPN-IT-ANIKUMAR" name="TS.LP.QA.TESTCASES.CarrierLoginTest" tests="1" failures="0" timestamp="05 Mar 2018 05:53:20 GMT" time="12.959" errors="0">
  <testcase name="loginTest" time="12.959" classname="TS.LP.QA.TESTCASES.CarrierLoginTest"/>
</testsuite> <!-- TS.LP.QA.TESTCASES.CarrierLoginTest -->
