<?xml version="1.0" encoding="UTF-8"?>
<!-- Generated by org.testng.reporters.JUnitReportReporter -->
<testsuite skipped="0" hostname="CPN-IT-ANIKUMAR" name="TS.LP.QA.TESTCASES.CarrierLoginTest" tests="1" failures="0" timestamp="02 Mar 2018 09:26:45 GMT" time="13.380" errors="0">
  <testcase name="loginTest" time="13.380" classname="TS.LP.QA.TESTCASES.CarrierLoginTest"/>
</testsuite> <!-- TS.LP.QA.TESTCASES.CarrierLoginTest -->
