<?xml version="1.0" encoding="UTF-8"?>
<!-- Generated by org.testng.reporters.JUnitReportReporter -->
<testsuite skipped="1" hostname="CPN-IT-ANIKUMAR" name="com.loadpay.qaapp.Exceltestcases.LoadPayTest" tests="1" failures="0" timestamp="12 Feb 2018 09:39:44 GMT" time="0.000" errors="0">
  <testcase name="halfEbayRegPageTest" time="0.000" classname="com.loadpay.qaapp.Exceltestcases.LoadPayTest">
    <skipped/>
  </testcase> <!-- halfEbayRegPageTest -->
</testsuite> <!-- com.loadpay.qaapp.Exceltestcases.LoadPayTest -->
