<?xml version="1.0" encoding="UTF-8"?>
<!-- Generated by org.testng.reporters.JUnitReportReporter -->
<testsuite skipped="0" hostname="CPN-IT-ANIKUMAR" name="com.lp.qa.testcases.CarrierLoginTest" tests="1" failures="0" timestamp="01 Mar 2018 06:36:47 GMT" time="15.730" errors="0">
  <testcase name="loginTest" time="15.730" classname="com.lp.qa.testcases.CarrierLoginTest"/>
</testsuite> <!-- com.lp.qa.testcases.CarrierLoginTest -->
