<?xml version="1.0" encoding="UTF-8"?>
<!-- Generated by org.testng.reporters.JUnitReportReporter -->
<testsuite skipped="0" hostname="CPN-IT-ANIKUMAR" name="TESTCASES.CarrierLoginTest" tests="1" failures="0" timestamp="14 Mar 2018 07:27:42 GMT" time="15.733" errors="0">
  <testcase name="loginTest" time="15.733" classname="TESTCASES.CarrierLoginTest"/>
</testsuite> <!-- TESTCASES.CarrierLoginTest -->
