<?xml version="1.0" encoding="UTF-8"?>
<!-- Generated by org.testng.reporters.JUnitReportReporter -->
<testsuite skipped="0" hostname="CPN-IT-ANIKUMAR" name="TESTCASES.CarrierLoginTest" tests="1" failures="0" timestamp="06 Mar 2018 03:53:20 GMT" time="14.426" errors="0">
  <testcase name="loginTest" time="14.426" classname="TESTCASES.CarrierLoginTest"/>
</testsuite> <!-- TESTCASES.CarrierLoginTest -->
