<?xml version="1.0" encoding="UTF-8"?>
<!-- Generated by org.testng.reporters.JUnitReportReporter -->
<testsuite skipped="0" hostname="CPN-IT-ANIKUMAR" name="TESTCASES.CarrierLoginTest" tests="1" failures="0" timestamp="12 Mar 2018 05:38:32 GMT" time="17.004" errors="0">
  <testcase name="loginTest" time="17.004" classname="TESTCASES.CarrierLoginTest"/>
</testsuite> <!-- TESTCASES.CarrierLoginTest -->
