<?xml version="1.0" encoding="UTF-8"?>
<!-- Generated by org.testng.reporters.JUnitReportReporter -->
<testsuite skipped="0" hostname="CPN-IT-ANIKUMAR" name="com.lp.qa.testcases.CarrierLoginTest" tests="1" failures="0" timestamp="02 Mar 2018 07:15:07 GMT" time="12.872" errors="0">
  <testcase name="loginTest" time="12.872" classname="com.lp.qa.testcases.CarrierLoginTest"/>
</testsuite> <!-- com.lp.qa.testcases.CarrierLoginTest -->
